ERROR:root:Add-To-Cart-Missing: 
https://grocery.walmart.com/ip/Great-Value-Original-Strawberry-Strawberry-Banana-Lowfat-Yogurt-6-oz-12-count/46490639
2
ERROR:root:Add-To-Cart-Missing: 
https://grocery.walmart.com/ip/Wonder-Classic-White-Bread-20-oz-Loaf/37858875
2
ERROR:root:Add-To-Cart-Missing: 
https://grocery.walmart.com/ip/Nature-s-Own-Honey-Wheat-Bread-20-oz-Bag/10450000
2
ERROR:root:Add-To-Cart-Missing: 
https://grocery.walmart.com/ip/Oscar-Mayer-Carving-Board-Rotisserie-Chicken-Breast-7-5-oz-Package/15754249
1
ERROR:root:Add-To-Cart-Missing: 
https://grocery.walmart.com/ip/Simply-Lemonade-All-Natural-Non-GMO-2-63-Liters/22176385
1
ERROR:root:Add-To-Cart-Missing: 
https://grocery.walmart.com/ip/Bananas-each/44390948
15
ERROR:root:Add-To-Cart-Missing: 
https://grocery.walmart.com/ip/Gala-Apples-each/44390953
10
ERROR:root:Add-To-Cart-Missing: 
https://grocery.walmart.com/ip/Clementines-3-lb-bag/11025598
1
ERROR:root:Plus-Button-Missing: 
https://grocery.walmart.com/ip/Green-Seedless-Grapes-per-lb/44390943
1
ERROR:root:Add-To-Cart-Missing: 
https://grocery.walmart.com/ip/Jimmy-Dean-Delights-Turkey-Sausage-Egg-White-Cheese-English-Muffin-Sandwiches-8-Count-Frozen/131903976
1
ERROR:root:Add-To-Cart-Missing: 
https://grocery.walmart.com/ip/Kiwi-2lb-Clamshell/184964077
2
ERROR:root:Add-To-Cart-Missing: 
https://grocery.walmart.com/ip/Anjou-Pears-3-lb/51259219
1
ERROR:root:Add-To-Cart-Missing: 
https://grocery.walmart.com/ip/Tostitos-Mild-Chunky-Salsa-24-Oz/10790824
1
ERROR:root:Add-To-Cart-Missing: 
https://grocery.walmart.com/ip/Tostitos-Scoops-Party-Size-Tortilla-Chips-14-5-Oz/11027423
1
